0 info it worked if it ends with ok
1 verbose cli [ '/usr/bin/node', '/usr/bin/npm', 'run', 'build:js' ]
2 info using npm@2.15.0
3 info using node@v0.12.13
4 verbose node symlink /usr/bin/node
5 verbose run-script [ 'prebuild:js', 'build:js', 'postbuild:js' ]
6 info prebuild:js sandbox-todo-ts-angular@0.0.2
7 info build:js sandbox-todo-ts-angular@0.0.2
8 verbose unsafe-perm in lifecycle true
9 info sandbox-todo-ts-angular@0.0.2 Failed to exec build:js script
10 verbose stack Error: sandbox-todo-ts-angular@0.0.2 build:js: `tsc -p ./`
10 verbose stack Exit status 2
10 verbose stack     at EventEmitter.<anonymous> (/usr/lib/node_modules/npm/lib/utils/lifecycle.js:217:16)
10 verbose stack     at EventEmitter.emit (events.js:110:17)
10 verbose stack     at ChildProcess.<anonymous> (/usr/lib/node_modules/npm/lib/utils/spawn.js:24:14)
10 verbose stack     at ChildProcess.emit (events.js:110:17)
10 verbose stack     at maybeClose (child_process.js:1019:16)
10 verbose stack     at Process.ChildProcess._handle.onexit (child_process.js:1091:5)
11 verbose pkgid sandbox-todo-ts-angular@0.0.2
12 verbose cwd /vagrant
13 error Linux 3.13.0-85-generic
14 error argv "/usr/bin/node" "/usr/bin/npm" "run" "build:js"
15 error node v0.12.13
16 error npm  v2.15.0
17 error code ELIFECYCLE
18 error sandbox-todo-ts-angular@0.0.2 build:js: `tsc -p ./`
18 error Exit status 2
19 error Failed at the sandbox-todo-ts-angular@0.0.2 build:js script 'tsc -p ./'.
19 error This is most likely a problem with the sandbox-todo-ts-angular package,
19 error not with npm itself.
19 error Tell the author that this fails on your system:
19 error     tsc -p ./
19 error You can get information on how to open an issue for this project with:
19 error     npm bugs sandbox-todo-ts-angular
19 error Or if that isn't available, you can get their info via:
19 error
19 error     npm owner ls sandbox-todo-ts-angular
19 error There is likely additional logging output above.
20 verbose exit [ 1, true ]
